<?xml version="1.0" encoding="utf-8"?>
<CoverageSession>
  <Summary numSequencePoints="203" visitedSequencePoints="129" numBranchPoints="203" visitedBranchPoints="129" sequenceCoverage="0.635" branchCoverage="0.635" maxCyclomaticComplexity="0" minCyclomaticComplexity="0" visitedClasses="26" numClasses="26" visitedMethods="27" numMethods="27" />
  <Modules>
    <Module hash="0A83465B-EEFF-42E8-BA3E-651566208919">
      <ModulePath>C:\Projects\assist_comment_microservice\Acr.Assist.CommentMicroService.Service.Tests\bin\Debug\netcoreapp2.0\Acr.Assist.CommentMicroService.Core.dll</ModulePath>
      <ModuleTime>2018-06-15T02:50:46</ModuleTime>
      <ModuleName>Acr.Assist.CommentMicroService.Core</ModuleName>
      <Files />
      <Classes />
    </Module>
    <Module hash="13FE4177-B194-438E-B06C-29B4136A341B">
      <ModulePath>C:\Projects\assist_comment_microservice\Acr.Assist.CommentMicroService.Service.Tests\bin\Debug\netcoreapp2.0\Acr.Assist.CommentMicroService.Data.dll</ModulePath>
      <ModuleTime>2018-06-15T02:50:46</ModuleTime>
      <ModuleName>Acr.Assist.CommentMicroService.Data</ModuleName>
      <Files />
      <Classes />
    </Module>
    <Module hash="35F62CBC-40FF-4FF1-92F3-87BD7DA686F9">
      <ModulePath>C:\Projects\assist_comment_microservice\Acr.Assist.CommentMicroService.Service.Tests\bin\Debug\netcoreapp2.0\Acr.Assist.CommentMicroService.Service.dll</ModulePath>
      <ModuleTime>2018-06-15T02:50:46</ModuleTime>
      <ModuleName>Acr.Assist.CommentMicroService.Service</ModuleName>
      <Files>
        <File uid="1" fullPath="C:\Projects\assist_comment_microservice\Acr.Assist.CommentMicroService.Service\CommentNotificationService.cs" />
        <File uid="2" fullPath="C:\Projects\assist_comment_microservice\Acr.Assist.CommentMicroService.Service\CommentQueryableService.cs" />
        <File uid="3" fullPath="C:\Projects\assist_comment_microservice\Acr.Assist.CommentMicroService.Service\CommentService.cs" />
        <File uid="4" fullPath="C:\Projects\assist_comment_microservice\Acr.Assist.CommentMicroService.Service\CommentSuggestionService.cs" />
        <File uid="5" fullPath="C:\Projects\assist_comment_microservice\Acr.Assist.CommentMicroService.Service\CommentViewService.cs" />
        <File uid="6" fullPath="C:\Projects\assist_comment_microservice\Acr.Assist.CommentMicroService.Service\ModuleCommentService.cs" />
        <File uid="7" fullPath="C:\Projects\assist_comment_microservice\Acr.Assist.CommentMicroService.Service\UserCommentService.cs" />
        <File uid="8" fullPath="C:\Projects\assist_comment_microservice\Acr.Assist.CommentMicroService.Service\Validator\BaseValidator.cs" />
        <File uid="9" fullPath="C:\Projects\assist_comment_microservice\Acr.Assist.CommentMicroService.Service\Validator\ValidatorResult.cs" />
      </Files>
      <Classes>
        <Class>
          <Summary numSequencePoints="5" visitedSequencePoints="5" numBranchPoints="6" visitedBranchPoints="6" sequenceCoverage="1" branchCoverage="1" maxCyclomaticComplexity="0" minCyclomaticComplexity="0" visitedClasses="1" numClasses="1" visitedMethods="1" numMethods="1" />
          <FullName>Acr.Assist.CommentMicroService.Service.CommentNotificationService</FullName>
          <Methods>
            <Method cyclomaticComplexity="0" nPathComplexity="0" sequenceCoverage="1" branchCoverage="1" isConstructor="False" isGetter="False" isSetter="False" isStatic="True">
              <Summary numSequencePoints="5" visitedSequencePoints="5" numBranchPoints="6" visitedBranchPoints="6" sequenceCoverage="1" branchCoverage="1" maxCyclomaticComplexity="0" minCyclomaticComplexity="0" visitedClasses="0" numClasses="0" visitedMethods="1" numMethods="1" />
              <MetadataToken />
              <Name>System.Void Acr.Assist.CommentMicroService.Service.CommentNotificationService::_CheckCommentIDEmpty(System.Guid)</Name>
              <FileRef uid="1" />
              <SequencePoints>
                <SequencePoint vc="4" upsid="56" ordinal="0" sl="56" sc="1" el="56" ec="2" bec="0" bev="0" fileid="1" />
                <SequencePoint vc="4" upsid="57" ordinal="1" sl="57" sc="1" el="57" ec="2" bec="0" bev="0" fileid="1" />
                <SequencePoint vc="2" upsid="58" ordinal="2" sl="58" sc="1" el="58" ec="2" bec="0" bev="0" fileid="1" />
                <SequencePoint vc="2" upsid="59" ordinal="3" sl="59" sc="1" el="59" ec="2" bec="0" bev="0" fileid="1" />
                <SequencePoint vc="2" upsid="61" ordinal="4" sl="61" sc="1" el="61" ec="2" bec="0" bev="0" fileid="1" />
              </SequencePoints>
              <BranchPoints>
                <BranchPoint vc="3" upsid="57" ordinal="0" path="0" offset="12" offsetend="14" sl="57" fileid="1" />
                <BranchPoint vc="3" upsid="57" ordinal="2" path="0" offset="32" offsetend="34" sl="57" fileid="1" />
                <BranchPoint vc="3" upsid="57" ordinal="1" path="1" offset="12" offsetend="54" sl="57" fileid="1" />
                <BranchPoint vc="3" upsid="57" ordinal="3" path="1" offset="32" offsetend="54" sl="57" fileid="1" />
                <BranchPoint vc="3" upsid="57" ordinal="4" path="0" offset="57" offsetend="59" sl="57" fileid="1" />
                <BranchPoint vc="3" upsid="57" ordinal="5" path="1" offset="57" offsetend="71" sl="57" fileid="1" />
              </BranchPoints>
              <MethodPoint vc="5" upsid="0" p8:type="SequencePoint" ordinal="0" offset="0" sc="0" sl="56" ec="1" el="61" bec="0" bev="0" fileid="1" xmlns:p8="xsi" />
            </Method>
          </Methods>
        </Class>
        <Class>
          <Summary numSequencePoints="11" visitedSequencePoints="5" numBranchPoints="8" visitedBranchPoints="4" sequenceCoverage="0.455" branchCoverage="0.5" maxCyclomaticComplexity="0" minCyclomaticComplexity="0" visitedClasses="1" numClasses="1" visitedMethods="1" numMethods="1" />
          <FullName>Acr.Assist.CommentMicroService.Service.CommentNotificationService/&lt;AddCommentNotification&gt;d__4</FullName>
          <Methods>
            <Method cyclomaticComplexity="0" nPathComplexity="0" sequenceCoverage="0.455" branchCoverage="0.5" isConstructor="False" isGetter="False" isSetter="False" isStatic="True">
              <Summary numSequencePoints="11" visitedSequencePoints="5" numBranchPoints="8" visitedBranchPoints="4" sequenceCoverage="0.455" branchCoverage="0.5" maxCyclomaticComplexity="0" minCyclomaticComplexity="0" visitedClasses="0" numClasses="0" visitedMethods="1" numMethods="1" />
              <MetadataToken />
              <Name>System.Void Acr.Assist.CommentMicroService.Service.CommentNotificationService/&lt;AddCommentNotification&gt;d__4::MoveNext()</Name>
              <FileRef uid="1" />
              <SequencePoints>
                <SequencePoint vc="2" upsid="28" ordinal="0" sl="28" sc="1" el="28" ec="2" bec="0" bev="0" fileid="1" />
                <SequencePoint vc="2" upsid="29" ordinal="1" sl="29" sc="1" el="29" ec="2" bec="0" bev="0" fileid="1" />
                <SequencePoint vc="1" upsid="30" ordinal="2" sl="30" sc="1" el="30" ec="2" bec="0" bev="0" fileid="1" />
                <SequencePoint vc="1" upsid="31" ordinal="3" sl="31" sc="1" el="31" ec="2" bec="0" bev="0" fileid="1" />
                <SequencePoint vc="0" upsid="32" ordinal="4" sl="32" sc="1" el="32" ec="2" bec="0" bev="0" fileid="1" />
                <SequencePoint vc="0" upsid="33" ordinal="5" sl="33" sc="1" el="33" ec="2" bec="0" bev="0" fileid="1" />
                <SequencePoint vc="1" upsid="35" ordinal="6" sl="35" sc="1" el="35" ec="2" bec="0" bev="0" fileid="1" />
                <SequencePoint vc="0" upsid="37" ordinal="7" sl="37" sc="1" el="37" ec="2" bec="0" bev="0" fileid="1" />
                <SequencePoint vc="0" upsid="38" ordinal="8" sl="38" sc="1" el="38" ec="2" bec="0" bev="0" fileid="1" />
                <SequencePoint vc="0" upsid="39" ordinal="9" sl="39" sc="1" el="39" ec="2" bec="0" bev="0" fileid="1" />
                <SequencePoint vc="0" upsid="40" ordinal="10" sl="40" sc="1" el="40" ec="2" bec="0" bev="0" fileid="1" />
              </SequencePoints>
              <BranchPoints>
                <BranchPoint vc="3" upsid="28" ordinal="0" path="0" offset="14" offsetend="28" sl="28" fileid="1" />
                <BranchPoint vc="0" upsid="28" ordinal="1" path="1" offset="14" offsetend="333" sl="28" fileid="1" />
                <BranchPoint vc="0" upsid="31" ordinal="2" path="0" offset="91" offsetend="93" sl="31" fileid="1" />
                <BranchPoint vc="1" upsid="31" ordinal="3" path="1" offset="91" offsetend="111" sl="31" fileid="1" />
                <BranchPoint vc="1" upsid="35" ordinal="4" path="0" offset="141" offsetend="143" sl="35" fileid="1" />
                <BranchPoint vc="1" upsid="35" ordinal="5" path="1" offset="141" offsetend="210" sl="35" fileid="1" />
                <BranchPoint vc="0" upsid="39" ordinal="6" path="0" offset="294" offsetend="296" sl="39" fileid="1" />
                <BranchPoint vc="0" upsid="39" ordinal="7" path="1" offset="294" offsetend="362" sl="39" fileid="1" />
              </BranchPoints>
              <MethodPoint vc="5" upsid="0" p8:type="SequencePoint" ordinal="0" offset="0" sc="0" sl="28" ec="1" el="40" bec="0" bev="0" fileid="1" xmlns:p8="xsi" />
            </Method>
          </Methods>
        </Class>
        <Class>
          <Summary numSequencePoints="8" visitedSequencePoints="4" numBranchPoints="10" visitedBranchPoints="5" sequenceCoverage="0.5" branchCoverage="0.5" maxCyclomaticComplexity="0" minCyclomaticComplexity="0" visitedClasses="1" numClasses="1" visitedMethods="1" numMethods="1" />
          <FullName>Acr.Assist.CommentMicroService.Service.CommentNotificationService/&lt;DeleteCommentNotification&gt;d__5</FullName>
          <Methods>
            <Method cyclomaticComplexity="0" nPathComplexity="0" sequenceCoverage="0.5" branchCoverage="0.5" isConstructor="False" isGetter="False" isSetter="False" isStatic="True">
              <Summary numSequencePoints="8" visitedSequencePoints="4" numBranchPoints="10" visitedBranchPoints="5" sequenceCoverage="0.5" branchCoverage="0.5" maxCyclomaticComplexity="0" minCyclomaticComplexity="0" visitedClasses="0" numClasses="0" visitedMethods="1" numMethods="1" />
              <MetadataToken />
              <Name>System.Void Acr.Assist.CommentMicroService.Service.CommentNotificationService/&lt;DeleteCommentNotification&gt;d__5::MoveNext()</Name>
              <FileRef uid="1" />
              <SequencePoints>
                <SequencePoint vc="2" upsid="43" ordinal="0" sl="43" sc="1" el="43" ec="2" bec="0" bev="0" fileid="1" />
                <SequencePoint vc="2" upsid="45" ordinal="1" sl="45" sc="1" el="45" ec="2" bec="0" bev="0" fileid="1" />
                <SequencePoint vc="1" upsid="46" ordinal="2" sl="46" sc="1" el="46" ec="2" bec="0" bev="0" fileid="1" />
                <SequencePoint vc="0" upsid="47" ordinal="3" sl="47" sc="1" el="47" ec="2" bec="0" bev="0" fileid="1" />
                <SequencePoint vc="0" upsid="48" ordinal="4" sl="48" sc="1" el="48" ec="2" bec="0" bev="0" fileid="1" />
                <SequencePoint vc="1" upsid="50" ordinal="5" sl="50" sc="1" el="50" ec="2" bec="0" bev="0" fileid="1" />
                <SequencePoint vc="0" upsid="52" ordinal="6" sl="52" sc="1" el="52" ec="2" bec="0" bev="0" fileid="1" />
                <SequencePoint vc="0" upsid="53" ordinal="7" sl="53" sc="1" el="53" ec="2" bec="0" bev="0" fileid="1" />
              </SequencePoints>
              <BranchPoints>
                <BranchPoint vc="3" upsid="43" ordinal="0" path="0" offset="14" offsetend="28" sl="43" fileid="1" />
                <BranchPoint vc="0" upsid="43" ordinal="1" path="1" offset="14" offsetend="278" sl="43" fileid="1" />
                <BranchPoint vc="1" upsid="46" ordinal="2" path="0" offset="58" offsetend="60" sl="46" fileid="1" />
                <BranchPoint vc="0" upsid="46" ordinal="3" path="1" offset="58" offsetend="73" sl="46" fileid="1" />
                <BranchPoint vc="0" upsid="46" ordinal="4" path="0" offset="76" offsetend="78" sl="46" fileid="1" />
                <BranchPoint vc="1" upsid="46" ordinal="5" path="1" offset="76" offsetend="90" sl="46" fileid="1" />
                <BranchPoint vc="1" upsid="50" ordinal="6" path="0" offset="120" offsetend="122" sl="50" fileid="1" />
                <BranchPoint vc="1" upsid="50" ordinal="7" path="1" offset="120" offsetend="189" sl="50" fileid="1" />
                <BranchPoint vc="0" upsid="52" ordinal="8" path="0" offset="239" offsetend="241" sl="52" fileid="1" />
                <BranchPoint vc="0" upsid="52" ordinal="9" path="1" offset="239" offsetend="307" sl="52" fileid="1" />
              </BranchPoints>
              <MethodPoint vc="4" upsid="0" p8:type="SequencePoint" ordinal="0" offset="0" sc="0" sl="43" ec="1" el="53" bec="0" bev="0" fileid="1" xmlns:p8="xsi" />
            </Method>
          </Methods>
        </Class>
        <Class>
          <Summary numSequencePoints="5" visitedSequencePoints="4" numBranchPoints="4" visitedBranchPoints="3" sequenceCoverage="0.8" branchCoverage="0.75" maxCyclomaticComplexity="0" minCyclomaticComplexity="0" visitedClasses="1" numClasses="1" visitedMethods="1" numMethods="1" />
          <FullName>Acr.Assist.CommentMicroService.Service.CommentNotificationService/&lt;_CheckCommentIfExists&gt;d__7</FullName>
          <Methods>
            <Method cyclomaticComplexity="0" nPathComplexity="0" sequenceCoverage="0.8" branchCoverage="0.75" isConstructor="False" isGetter="False" isSetter="False" isStatic="True">
              <Summary numSequencePoints="5" visitedSequencePoints="4" numBranchPoints="4" visitedBranchPoints="3" sequenceCoverage="0.8" branchCoverage="0.75" maxCyclomaticComplexity="0" minCyclomaticComplexity="0" visitedClasses="0" numClasses="0" visitedMethods="1" numMethods="1" />
              <MetadataToken />
              <Name>System.Void Acr.Assist.CommentMicroService.Service.CommentNotificationService/&lt;_CheckCommentIfExists&gt;d__7::MoveNext()</Name>
              <FileRef uid="1" />
              <SequencePoints>
                <SequencePoint vc="2" upsid="64" ordinal="0" sl="64" sc="1" el="64" ec="2" bec="0" bev="0" fileid="1" />
                <SequencePoint vc="2" upsid="65" ordinal="1" sl="65" sc="1" el="65" ec="2" bec="0" bev="0" fileid="1" />
                <SequencePoint vc="2" upsid="66" ordinal="2" sl="66" sc="1" el="66" ec="2" bec="0" bev="0" fileid="1" />
                <SequencePoint vc="2" upsid="67" ordinal="3" sl="67" sc="1" el="67" ec="2" bec="0" bev="0" fileid="1" />
                <SequencePoint vc="0" upsid="69" ordinal="4" sl="69" sc="1" el="69" ec="2" bec="0" bev="0" fileid="1" />
              </SequencePoints>
              <BranchPoints>
                <BranchPoint vc="3" upsid="65" ordinal="0" path="0" offset="50" offsetend="52" sl="65" fileid="1" />
                <BranchPoint vc="3" upsid="65" ordinal="1" path="1" offset="50" offsetend="116" sl="65" fileid="1" />
                <BranchPoint vc="3" upsid="65" ordinal="2" path="0" offset="137" offsetend="139" sl="65" fileid="1" />
                <BranchPoint vc="0" upsid="65" ordinal="3" path="1" offset="137" offsetend="167" sl="65" fileid="1" />
              </BranchPoints>
              <MethodPoint vc="4" upsid="0" p8:type="SequencePoint" ordinal="0" offset="0" sc="0" sl="64" ec="1" el="69" bec="0" bev="0" fileid="1" xmlns:p8="xsi" />
            </Method>
          </Methods>
        </Class>
        <Class>
          <Summary numSequencePoints="7" visitedSequencePoints="5" numBranchPoints="4" visitedBranchPoints="1" sequenceCoverage="0.714" branchCoverage="0.25" maxCyclomaticComplexity="0" minCyclomaticComplexity="0" visitedClasses="1" numClasses="1" visitedMethods="1" numMethods="1" />
          <FullName>Acr.Assist.CommentMicroService.Service.CommentQueryableService/&lt;GetComments&gt;d__3</FullName>
          <Methods>
            <Method cyclomaticComplexity="0" nPathComplexity="0" sequenceCoverage="0.714" branchCoverage="0.25" isConstructor="False" isGetter="False" isSetter="False" isStatic="True">
              <Summary numSequencePoints="7" visitedSequencePoints="5" numBranchPoints="4" visitedBranchPoints="1" sequenceCoverage="0.714" branchCoverage="0.25" maxCyclomaticComplexity="0" minCyclomaticComplexity="0" visitedClasses="0" numClasses="0" visitedMethods="1" numMethods="1" />
              <MetadataToken />
              <Name>System.Void Acr.Assist.CommentMicroService.Service.CommentQueryableService/&lt;GetComments&gt;d__3::MoveNext()</Name>
              <FileRef uid="2" />
              <SequencePoints>
                <SequencePoint vc="3" upsid="24" ordinal="0" sl="24" sc="1" el="24" ec="2" bec="0" bev="0" fileid="2" />
                <SequencePoint vc="3" upsid="25" ordinal="1" sl="25" sc="1" el="25" ec="2" bec="0" bev="0" fileid="2" />
                <SequencePoint vc="3" upsid="26" ordinal="2" sl="26" sc="1" el="26" ec="2" bec="0" bev="0" fileid="2" />
                <SequencePoint vc="3" upsid="27" ordinal="3" sl="27" sc="1" el="27" ec="2" bec="0" bev="0" fileid="2" />
                <SequencePoint vc="3" upsid="28" ordinal="4" sl="28" sc="1" el="28" ec="2" bec="0" bev="0" fileid="2" />
                <SequencePoint vc="0" upsid="30" ordinal="5" sl="30" sc="1" el="30" ec="2" bec="0" bev="0" fileid="2" />
                <SequencePoint vc="0" upsid="31" ordinal="6" sl="31" sc="1" el="31" ec="2" bec="0" bev="0" fileid="2" />
              </SequencePoints>
              <BranchPoints>
                <BranchPoint vc="7" upsid="26" ordinal="0" path="0" offset="62" offsetend="64" sl="26" fileid="2" />
                <BranchPoint vc="0" upsid="26" ordinal="1" path="1" offset="62" offsetend="82" sl="26" fileid="2" />
                <BranchPoint vc="0" upsid="30" ordinal="2" path="0" offset="117" offsetend="119" sl="30" fileid="2" />
                <BranchPoint vc="0" upsid="30" ordinal="3" path="1" offset="117" offsetend="184" sl="30" fileid="2" />
              </BranchPoints>
              <MethodPoint vc="5" upsid="0" p8:type="SequencePoint" ordinal="0" offset="0" sc="0" sl="24" ec="1" el="31" bec="0" bev="0" fileid="2" xmlns:p8="xsi" />
            </Method>
          </Methods>
        </Class>
        <Class>
          <Summary numSequencePoints="5" visitedSequencePoints="5" numBranchPoints="6" visitedBranchPoints="6" sequenceCoverage="1" branchCoverage="1" maxCyclomaticComplexity="0" minCyclomaticComplexity="0" visitedClasses="1" numClasses="1" visitedMethods="1" numMethods="1" />
          <FullName>Acr.Assist.CommentMicroService.Service.CommentService</FullName>
          <Methods>
            <Method cyclomaticComplexity="0" nPathComplexity="0" sequenceCoverage="1" branchCoverage="1" isConstructor="False" isGetter="False" isSetter="False" isStatic="True">
              <Summary numSequencePoints="5" visitedSequencePoints="5" numBranchPoints="6" visitedBranchPoints="6" sequenceCoverage="1" branchCoverage="1" maxCyclomaticComplexity="0" minCyclomaticComplexity="0" visitedClasses="0" numClasses="0" visitedMethods="1" numMethods="1" />
              <MetadataToken />
              <Name>System.Void Acr.Assist.CommentMicroService.Service.CommentService::_CheckCommentIDEmpty(System.Guid)</Name>
              <FileRef uid="3" />
              <SequencePoints>
                <SequencePoint vc="3" upsid="132" ordinal="0" sl="132" sc="1" el="132" ec="2" bec="0" bev="0" fileid="3" />
                <SequencePoint vc="3" upsid="133" ordinal="1" sl="133" sc="1" el="133" ec="2" bec="0" bev="0" fileid="3" />
                <SequencePoint vc="1" upsid="134" ordinal="2" sl="134" sc="1" el="134" ec="2" bec="0" bev="0" fileid="3" />
                <SequencePoint vc="1" upsid="135" ordinal="3" sl="135" sc="1" el="135" ec="2" bec="0" bev="0" fileid="3" />
                <SequencePoint vc="2" upsid="137" ordinal="4" sl="137" sc="1" el="137" ec="2" bec="0" bev="0" fileid="3" />
              </SequencePoints>
              <BranchPoints>
                <BranchPoint vc="3" upsid="133" ordinal="0" path="0" offset="12" offsetend="14" sl="133" fileid="3" />
                <BranchPoint vc="3" upsid="133" ordinal="2" path="0" offset="32" offsetend="34" sl="133" fileid="3" />
                <BranchPoint vc="1" upsid="133" ordinal="1" path="1" offset="12" offsetend="54" sl="133" fileid="3" />
                <BranchPoint vc="1" upsid="133" ordinal="3" path="1" offset="32" offsetend="54" sl="133" fileid="3" />
                <BranchPoint vc="1" upsid="133" ordinal="4" path="0" offset="57" offsetend="59" sl="133" fileid="3" />
                <BranchPoint vc="3" upsid="133" ordinal="5" path="1" offset="57" offsetend="71" sl="133" fileid="3" />
              </BranchPoints>
              <MethodPoint vc="5" upsid="0" p8:type="SequencePoint" ordinal="0" offset="0" sc="0" sl="132" ec="1" el="137" bec="0" bev="0" fileid="3" xmlns:p8="xsi" />
            </Method>
          </Methods>
        </Class>
        <Class>
          <Summary numSequencePoints="12" visitedSequencePoints="5" numBranchPoints="4" visitedBranchPoints="1" sequenceCoverage="0.417" branchCoverage="0.25" maxCyclomaticComplexity="0" minCyclomaticComplexity="0" visitedClasses="1" numClasses="1" visitedMethods="1" numMethods="1" />
          <FullName>Acr.Assist.CommentMicroService.Service.CommentService/&lt;AddComment&gt;d__7</FullName>
          <Methods>
            <Method cyclomaticComplexity="0" nPathComplexity="0" sequenceCoverage="0.417" branchCoverage="0.25" isConstructor="False" isGetter="False" isSetter="False" isStatic="True">
              <Summary numSequencePoints="12" visitedSequencePoints="5" numBranchPoints="4" visitedBranchPoints="1" sequenceCoverage="0.417" branchCoverage="0.25" maxCyclomaticComplexity="0" minCyclomaticComplexity="0" visitedClasses="0" numClasses="0" visitedMethods="1" numMethods="1" />
              <MetadataToken />
              <Name>System.Void Acr.Assist.CommentMicroService.Service.CommentService/&lt;AddComment&gt;d__7::MoveNext()</Name>
              <FileRef uid="3" />
              <SequencePoints>
                <SequencePoint vc="2" upsid="39" ordinal="0" sl="39" sc="1" el="39" ec="2" bec="0" bev="0" fileid="3" />
                <SequencePoint vc="2" upsid="41" ordinal="1" sl="41" sc="1" el="41" ec="2" bec="0" bev="0" fileid="3" />
                <SequencePoint vc="2" upsid="42" ordinal="2" sl="42" sc="1" el="42" ec="2" bec="0" bev="0" fileid="3" />
                <SequencePoint vc="2" upsid="43" ordinal="3" sl="43" sc="1" el="43" ec="2" bec="0" bev="0" fileid="3" />
                <SequencePoint vc="2" upsid="45" ordinal="4" sl="45" sc="1" el="45" ec="2" bec="0" bev="0" fileid="3" />
                <SequencePoint vc="0" upsid="48" ordinal="5" sl="48" sc="1" el="48" ec="2" bec="0" bev="0" fileid="3" />
                <SequencePoint vc="0" upsid="50" ordinal="6" sl="50" sc="1" el="50" ec="2" bec="0" bev="0" fileid="3" />
                <SequencePoint vc="0" upsid="51" ordinal="7" sl="51" sc="1" el="51" ec="2" bec="0" bev="0" fileid="3" />
                <SequencePoint vc="0" upsid="52" ordinal="8" sl="52" sc="1" el="52" ec="2" bec="0" bev="0" fileid="3" />
                <SequencePoint vc="0" upsid="54" ordinal="9" sl="54" sc="1" el="54" ec="2" bec="0" bev="0" fileid="3" />
                <SequencePoint vc="0" upsid="56" ordinal="10" sl="56" sc="1" el="56" ec="2" bec="0" bev="0" fileid="3" />
                <SequencePoint vc="0" upsid="57" ordinal="11" sl="57" sc="1" el="57" ec="2" bec="0" bev="0" fileid="3" />
              </SequencePoints>
              <BranchPoints>
                <BranchPoint vc="3" upsid="42" ordinal="0" path="0" offset="62" offsetend="64" sl="42" fileid="3" />
                <BranchPoint vc="0" upsid="42" ordinal="1" path="1" offset="62" offsetend="82" sl="42" fileid="3" />
                <BranchPoint vc="0" upsid="54" ordinal="2" path="0" offset="193" offsetend="195" sl="54" fileid="3" />
                <BranchPoint vc="0" upsid="54" ordinal="3" path="1" offset="193" offsetend="263" sl="54" fileid="3" />
              </BranchPoints>
              <MethodPoint vc="5" upsid="0" p8:type="SequencePoint" ordinal="0" offset="0" sc="0" sl="39" ec="1" el="57" bec="0" bev="0" fileid="3" xmlns:p8="xsi" />
            </Method>
          </Methods>
        </Class>
        <Class>
          <Summary numSequencePoints="8" visitedSequencePoints="6" numBranchPoints="8" visitedBranchPoints="5" sequenceCoverage="0.75" branchCoverage="0.625" maxCyclomaticComplexity="0" minCyclomaticComplexity="0" visitedClasses="1" numClasses="1" visitedMethods="1" numMethods="1" />
          <FullName>Acr.Assist.CommentMicroService.Service.CommentService/&lt;DeleteComment&gt;d__8</FullName>
          <Methods>
            <Method cyclomaticComplexity="0" nPathComplexity="0" sequenceCoverage="0.75" branchCoverage="0.625" isConstructor="False" isGetter="False" isSetter="False" isStatic="True">
              <Summary numSequencePoints="8" visitedSequencePoints="6" numBranchPoints="8" visitedBranchPoints="5" sequenceCoverage="0.75" branchCoverage="0.625" maxCyclomaticComplexity="0" minCyclomaticComplexity="0" visitedClasses="0" numClasses="0" visitedMethods="1" numMethods="1" />
              <MetadataToken />
              <Name>System.Void Acr.Assist.CommentMicroService.Service.CommentService/&lt;DeleteComment&gt;d__8::MoveNext()</Name>
              <FileRef uid="3" />
              <SequencePoints>
                <SequencePoint vc="2" upsid="60" ordinal="0" sl="60" sc="1" el="60" ec="2" bec="0" bev="0" fileid="3" />
                <SequencePoint vc="2" upsid="61" ordinal="1" sl="61" sc="1" el="61" ec="2" bec="0" bev="0" fileid="3" />
                <SequencePoint vc="2" upsid="62" ordinal="2" sl="62" sc="1" el="62" ec="2" bec="0" bev="0" fileid="3" />
                <SequencePoint vc="1" upsid="63" ordinal="3" sl="63" sc="1" el="63" ec="2" bec="0" bev="0" fileid="3" />
                <SequencePoint vc="1" upsid="64" ordinal="4" sl="64" sc="1" el="64" ec="2" bec="0" bev="0" fileid="3" />
                <SequencePoint vc="1" upsid="66" ordinal="5" sl="66" sc="1" el="66" ec="2" bec="0" bev="0" fileid="3" />
                <SequencePoint vc="0" upsid="67" ordinal="6" sl="67" sc="1" el="67" ec="2" bec="0" bev="0" fileid="3" />
                <SequencePoint vc="0" upsid="68" ordinal="7" sl="68" sc="1" el="68" ec="2" bec="0" bev="0" fileid="3" />
              </SequencePoints>
              <BranchPoints>
                <BranchPoint vc="3" upsid="60" ordinal="0" path="0" offset="14" offsetend="28" sl="60" fileid="3" />
                <BranchPoint vc="0" upsid="60" ordinal="1" path="1" offset="14" offsetend="285" sl="60" fileid="3" />
                <BranchPoint vc="1" upsid="62" ordinal="2" path="0" offset="73" offsetend="75" sl="62" fileid="3" />
                <BranchPoint vc="1" upsid="62" ordinal="3" path="1" offset="73" offsetend="93" sl="62" fileid="3" />
                <BranchPoint vc="1" upsid="66" ordinal="4" path="0" offset="128" offsetend="130" sl="66" fileid="3" />
                <BranchPoint vc="1" upsid="66" ordinal="5" path="1" offset="128" offsetend="197" sl="66" fileid="3" />
                <BranchPoint vc="0" upsid="67" ordinal="6" path="0" offset="246" offsetend="248" sl="67" fileid="3" />
                <BranchPoint vc="0" upsid="67" ordinal="7" path="1" offset="246" offsetend="314" sl="67" fileid="3" />
              </BranchPoints>
              <MethodPoint vc="6" upsid="0" p8:type="SequencePoint" ordinal="0" offset="0" sc="0" sl="60" ec="1" el="68" bec="0" bev="0" fileid="3" xmlns:p8="xsi" />
            </Method>
          </Methods>
        </Class>
        <Class>
          <Summary numSequencePoints="13" visitedSequencePoints="4" numBranchPoints="10" visitedBranchPoints="5" sequenceCoverage="0.308" branchCoverage="0.5" maxCyclomaticComplexity="0" minCyclomaticComplexity="0" visitedClasses="1" numClasses="1" visitedMethods="1" numMethods="1" />
          <FullName>Acr.Assist.CommentMicroService.Service.CommentService/&lt;EditComment&gt;d__9</FullName>
          <Methods>
            <Method cyclomaticComplexity="0" nPathComplexity="0" sequenceCoverage="0.308" branchCoverage="0.5" isConstructor="False" isGetter="False" isSetter="False" isStatic="True">
              <Summary numSequencePoints="13" visitedSequencePoints="4" numBranchPoints="10" visitedBranchPoints="5" sequenceCoverage="0.308" branchCoverage="0.5" maxCyclomaticComplexity="0" minCyclomaticComplexity="0" visitedClasses="0" numClasses="0" visitedMethods="1" numMethods="1" />
              <MetadataToken />
              <Name>System.Void Acr.Assist.CommentMicroService.Service.CommentService/&lt;EditComment&gt;d__9::MoveNext()</Name>
              <FileRef uid="3" />
              <SequencePoints>
                <SequencePoint vc="2" upsid="71" ordinal="0" sl="71" sc="1" el="71" ec="2" bec="0" bev="0" fileid="3" />
                <SequencePoint vc="2" upsid="72" ordinal="1" sl="72" sc="1" el="72" ec="2" bec="0" bev="0" fileid="3" />
                <SequencePoint vc="1" upsid="73" ordinal="2" sl="73" sc="1" el="73" ec="2" bec="0" bev="0" fileid="3" />
                <SequencePoint vc="0" upsid="74" ordinal="3" sl="74" sc="1" el="74" ec="2" bec="0" bev="0" fileid="3" />
                <SequencePoint vc="0" upsid="75" ordinal="4" sl="75" sc="1" el="75" ec="2" bec="0" bev="0" fileid="3" />
                <SequencePoint vc="1" upsid="77" ordinal="5" sl="77" sc="1" el="77" ec="2" bec="0" bev="0" fileid="3" />
                <SequencePoint vc="0" upsid="78" ordinal="6" sl="78" sc="1" el="78" ec="2" bec="0" bev="0" fileid="3" />
                <SequencePoint vc="0" upsid="79" ordinal="7" sl="79" sc="1" el="79" ec="2" bec="0" bev="0" fileid="3" />
                <SequencePoint vc="0" upsid="80" ordinal="8" sl="80" sc="1" el="80" ec="2" bec="0" bev="0" fileid="3" />
                <SequencePoint vc="0" upsid="82" ordinal="9" sl="82" sc="1" el="82" ec="2" bec="0" bev="0" fileid="3" />
                <SequencePoint vc="0" upsid="84" ordinal="10" sl="84" sc="1" el="84" ec="2" bec="0" bev="0" fileid="3" />
                <SequencePoint vc="0" upsid="86" ordinal="11" sl="86" sc="1" el="86" ec="2" bec="0" bev="0" fileid="3" />
                <SequencePoint vc="0" upsid="87" ordinal="12" sl="87" sc="1" el="87" ec="2" bec="0" bev="0" fileid="3" />
              </SequencePoints>
              <BranchPoints>
                <BranchPoint vc="3" upsid="71" ordinal="0" path="0" offset="14" offsetend="28" sl="71" fileid="3" />
                <BranchPoint vc="0" upsid="71" ordinal="1" path="1" offset="14" offsetend="338" sl="71" fileid="3" />
                <BranchPoint vc="1" upsid="73" ordinal="2" path="0" offset="58" offsetend="60" sl="73" fileid="3" />
                <BranchPoint vc="0" upsid="73" ordinal="3" path="1" offset="58" offsetend="73" sl="73" fileid="3" />
                <BranchPoint vc="0" upsid="73" ordinal="4" path="0" offset="76" offsetend="78" sl="73" fileid="3" />
                <BranchPoint vc="1" upsid="73" ordinal="5" path="1" offset="76" offsetend="90" sl="73" fileid="3" />
                <BranchPoint vc="1" upsid="77" ordinal="6" path="0" offset="120" offsetend="122" sl="77" fileid="3" />
                <BranchPoint vc="1" upsid="77" ordinal="7" path="1" offset="120" offsetend="190" sl="77" fileid="3" />
                <BranchPoint vc="0" upsid="84" ordinal="8" path="0" offset="298" offsetend="300" sl="84" fileid="3" />
                <BranchPoint vc="0" upsid="84" ordinal="9" path="1" offset="298" offsetend="367" sl="84" fileid="3" />
              </BranchPoints>
              <MethodPoint vc="4" upsid="0" p8:type="SequencePoint" ordinal="0" offset="0" sc="0" sl="71" ec="1" el="87" bec="0" bev="0" fileid="3" xmlns:p8="xsi" />
            </Method>
          </Methods>
        </Class>
        <Class>
          <Summary numSequencePoints="7" visitedSequencePoints="5" numBranchPoints="4" visitedBranchPoints="1" sequenceCoverage="0.714" branchCoverage="0.25" maxCyclomaticComplexity="0" minCyclomaticComplexity="0" visitedClasses="1" numClasses="1" visitedMethods="1" numMethods="1" />
          <FullName>Acr.Assist.CommentMicroService.Service.CommentService/&lt;GetComments&gt;d__10</FullName>
          <Methods>
            <Method cyclomaticComplexity="0" nPathComplexity="0" sequenceCoverage="0.714" branchCoverage="0.25" isConstructor="False" isGetter="False" isSetter="False" isStatic="True">
              <Summary numSequencePoints="7" visitedSequencePoints="5" numBranchPoints="4" visitedBranchPoints="1" sequenceCoverage="0.714" branchCoverage="0.25" maxCyclomaticComplexity="0" minCyclomaticComplexity="0" visitedClasses="0" numClasses="0" visitedMethods="1" numMethods="1" />
              <MetadataToken />
              <Name>System.Void Acr.Assist.CommentMicroService.Service.CommentService/&lt;GetComments&gt;d__10::MoveNext()</Name>
              <FileRef uid="3" />
              <SequencePoints>
                <SequencePoint vc="3" upsid="90" ordinal="0" sl="90" sc="1" el="90" ec="2" bec="0" bev="0" fileid="3" />
                <SequencePoint vc="3" upsid="91" ordinal="1" sl="91" sc="1" el="91" ec="2" bec="0" bev="0" fileid="3" />
                <SequencePoint vc="3" upsid="92" ordinal="2" sl="92" sc="1" el="92" ec="2" bec="0" bev="0" fileid="3" />
                <SequencePoint vc="3" upsid="93" ordinal="3" sl="93" sc="1" el="93" ec="2" bec="0" bev="0" fileid="3" />
                <SequencePoint vc="3" upsid="94" ordinal="4" sl="94" sc="1" el="94" ec="2" bec="0" bev="0" fileid="3" />
                <SequencePoint vc="0" upsid="96" ordinal="5" sl="96" sc="1" el="96" ec="2" bec="0" bev="0" fileid="3" />
                <SequencePoint vc="0" upsid="97" ordinal="6" sl="97" sc="1" el="97" ec="2" bec="0" bev="0" fileid="3" />
              </SequencePoints>
              <BranchPoints>
                <BranchPoint vc="7" upsid="92" ordinal="0" path="0" offset="62" offsetend="64" sl="92" fileid="3" />
                <BranchPoint vc="0" upsid="92" ordinal="1" path="1" offset="62" offsetend="82" sl="92" fileid="3" />
                <BranchPoint vc="0" upsid="96" ordinal="2" path="0" offset="117" offsetend="119" sl="96" fileid="3" />
                <BranchPoint vc="0" upsid="96" ordinal="3" path="1" offset="117" offsetend="184" sl="96" fileid="3" />
              </BranchPoints>
              <MethodPoint vc="5" upsid="0" p8:type="SequencePoint" ordinal="0" offset="0" sc="0" sl="90" ec="1" el="97" bec="0" bev="0" fileid="3" xmlns:p8="xsi" />
            </Method>
          </Methods>
        </Class>
        <Class>
          <Summary numSequencePoints="12" visitedSequencePoints="6" numBranchPoints="8" visitedBranchPoints="5" sequenceCoverage="0.5" branchCoverage="0.625" maxCyclomaticComplexity="0" minCyclomaticComplexity="0" visitedClasses="1" numClasses="1" visitedMethods="1" numMethods="1" />
          <FullName>Acr.Assist.CommentMicroService.Service.CommentService/&lt;ImplementComment&gt;d__11</FullName>
          <Methods>
            <Method cyclomaticComplexity="0" nPathComplexity="0" sequenceCoverage="0.5" branchCoverage="0.625" isConstructor="False" isGetter="False" isSetter="False" isStatic="True">
              <Summary numSequencePoints="12" visitedSequencePoints="6" numBranchPoints="8" visitedBranchPoints="5" sequenceCoverage="0.5" branchCoverage="0.625" maxCyclomaticComplexity="0" minCyclomaticComplexity="0" visitedClasses="0" numClasses="0" visitedMethods="1" numMethods="1" />
              <MetadataToken />
              <Name>System.Void Acr.Assist.CommentMicroService.Service.CommentService/&lt;ImplementComment&gt;d__11::MoveNext()</Name>
              <FileRef uid="3" />
              <SequencePoints>
                <SequencePoint vc="2" upsid="100" ordinal="0" sl="100" sc="1" el="100" ec="2" bec="0" bev="0" fileid="3" />
                <SequencePoint vc="2" upsid="101" ordinal="1" sl="101" sc="1" el="101" ec="2" bec="0" bev="0" fileid="3" />
                <SequencePoint vc="2" upsid="102" ordinal="2" sl="102" sc="1" el="102" ec="2" bec="0" bev="0" fileid="3" />
                <SequencePoint vc="1" upsid="103" ordinal="3" sl="103" sc="1" el="103" ec="2" bec="0" bev="0" fileid="3" />
                <SequencePoint vc="1" upsid="104" ordinal="4" sl="104" sc="1" el="104" ec="2" bec="0" bev="0" fileid="3" />
                <SequencePoint vc="1" upsid="106" ordinal="5" sl="106" sc="1" el="106" ec="2" bec="0" bev="0" fileid="3" />
                <SequencePoint vc="0" upsid="108" ordinal="6" sl="108" sc="1" el="108" ec="2" bec="0" bev="0" fileid="3" />
                <SequencePoint vc="0" upsid="110" ordinal="7" sl="110" sc="1" el="110" ec="2" bec="0" bev="0" fileid="3" />
                <SequencePoint vc="0" upsid="111" ordinal="8" sl="111" sc="1" el="111" ec="2" bec="0" bev="0" fileid="3" />
                <SequencePoint vc="0" upsid="112" ordinal="9" sl="112" sc="1" el="112" ec="2" bec="0" bev="0" fileid="3" />
                <SequencePoint vc="0" upsid="114" ordinal="10" sl="114" sc="1" el="114" ec="2" bec="0" bev="0" fileid="3" />
                <SequencePoint vc="0" upsid="115" ordinal="11" sl="115" sc="1" el="115" ec="2" bec="0" bev="0" fileid="3" />
              </SequencePoints>
              <BranchPoints>
                <BranchPoint vc="3" upsid="100" ordinal="0" path="0" offset="14" offsetend="28" sl="100" fileid="3" />
                <BranchPoint vc="0" upsid="100" ordinal="1" path="1" offset="14" offsetend="303" sl="100" fileid="3" />
                <BranchPoint vc="1" upsid="102" ordinal="2" path="0" offset="73" offsetend="75" sl="102" fileid="3" />
                <BranchPoint vc="1" upsid="102" ordinal="3" path="1" offset="73" offsetend="93" sl="102" fileid="3" />
                <BranchPoint vc="1" upsid="106" ordinal="4" path="0" offset="123" offsetend="125" sl="106" fileid="3" />
                <BranchPoint vc="1" upsid="106" ordinal="5" path="1" offset="123" offsetend="193" sl="106" fileid="3" />
                <BranchPoint vc="0" upsid="110" ordinal="6" path="0" offset="260" offsetend="262" sl="110" fileid="3" />
                <BranchPoint vc="0" upsid="110" ordinal="7" path="1" offset="260" offsetend="332" sl="110" fileid="3" />
              </BranchPoints>
              <MethodPoint vc="6" upsid="0" p8:type="SequencePoint" ordinal="0" offset="0" sc="0" sl="100" ec="1" el="115" bec="0" bev="0" fileid="3" xmlns:p8="xsi" />
            </Method>
          </Methods>
        </Class>
        <Class>
          <Summary numSequencePoints="10" visitedSequencePoints="7" numBranchPoints="8" visitedBranchPoints="5" sequenceCoverage="0.7" branchCoverage="0.625" maxCyclomaticComplexity="0" minCyclomaticComplexity="0" visitedClasses="1" numClasses="1" visitedMethods="1" numMethods="1" />
          <FullName>Acr.Assist.CommentMicroService.Service.CommentService/&lt;ProposeComment&gt;d__12</FullName>
          <Methods>
            <Method cyclomaticComplexity="0" nPathComplexity="0" sequenceCoverage="0.7" branchCoverage="0.625" isConstructor="False" isGetter="False" isSetter="False" isStatic="True">
              <Summary numSequencePoints="10" visitedSequencePoints="7" numBranchPoints="8" visitedBranchPoints="5" sequenceCoverage="0.7" branchCoverage="0.625" maxCyclomaticComplexity="0" minCyclomaticComplexity="0" visitedClasses="0" numClasses="0" visitedMethods="1" numMethods="1" />
              <MetadataToken />
              <Name>System.Void Acr.Assist.CommentMicroService.Service.CommentService/&lt;ProposeComment&gt;d__12::MoveNext()</Name>
              <FileRef uid="3" />
              <SequencePoints>
                <SequencePoint vc="2" upsid="118" ordinal="0" sl="118" sc="1" el="118" ec="2" bec="0" bev="0" fileid="3" />
                <SequencePoint vc="2" upsid="119" ordinal="1" sl="119" sc="1" el="119" ec="2" bec="0" bev="0" fileid="3" />
                <SequencePoint vc="2" upsid="120" ordinal="2" sl="120" sc="1" el="120" ec="2" bec="0" bev="0" fileid="3" />
                <SequencePoint vc="1" upsid="121" ordinal="3" sl="121" sc="1" el="121" ec="2" bec="0" bev="0" fileid="3" />
                <SequencePoint vc="1" upsid="122" ordinal="4" sl="122" sc="1" el="122" ec="2" bec="0" bev="0" fileid="3" />
                <SequencePoint vc="1" upsid="124" ordinal="5" sl="124" sc="1" el="124" ec="2" bec="0" bev="0" fileid="3" />
                <SequencePoint vc="1" upsid="125" ordinal="6" sl="125" sc="1" el="125" ec="2" bec="0" bev="0" fileid="3" />
                <SequencePoint vc="0" upsid="126" ordinal="7" sl="126" sc="1" el="126" ec="2" bec="0" bev="0" fileid="3" />
                <SequencePoint vc="0" upsid="127" ordinal="8" sl="127" sc="1" el="127" ec="2" bec="0" bev="0" fileid="3" />
                <SequencePoint vc="0" upsid="128" ordinal="9" sl="128" sc="1" el="128" ec="2" bec="0" bev="0" fileid="3" />
              </SequencePoints>
              <BranchPoints>
                <BranchPoint vc="3" upsid="118" ordinal="0" path="0" offset="14" offsetend="28" sl="118" fileid="3" />
                <BranchPoint vc="0" upsid="118" ordinal="1" path="1" offset="14" offsetend="316" sl="118" fileid="3" />
                <BranchPoint vc="1" upsid="120" ordinal="2" path="0" offset="73" offsetend="75" sl="120" fileid="3" />
                <BranchPoint vc="1" upsid="120" ordinal="3" path="1" offset="73" offsetend="93" sl="120" fileid="3" />
                <BranchPoint vc="1" upsid="125" ordinal="4" path="0" offset="141" offsetend="143" sl="125" fileid="3" />
                <BranchPoint vc="1" upsid="125" ordinal="5" path="1" offset="141" offsetend="210" sl="125" fileid="3" />
                <BranchPoint vc="0" upsid="127" ordinal="6" path="0" offset="277" offsetend="279" sl="127" fileid="3" />
                <BranchPoint vc="0" upsid="127" ordinal="7" path="1" offset="277" offsetend="345" sl="127" fileid="3" />
              </BranchPoints>
              <MethodPoint vc="7" upsid="0" p8:type="SequencePoint" ordinal="0" offset="0" sc="0" sl="118" ec="1" el="128" bec="0" bev="0" fileid="3" xmlns:p8="xsi" />
            </Method>
          </Methods>
        </Class>
        <Class>
          <Summary numSequencePoints="5" visitedSequencePoints="4" numBranchPoints="4" visitedBranchPoints="3" sequenceCoverage="0.8" branchCoverage="0.75" maxCyclomaticComplexity="0" minCyclomaticComplexity="0" visitedClasses="1" numClasses="1" visitedMethods="1" numMethods="1" />
          <FullName>Acr.Assist.CommentMicroService.Service.CommentService/&lt;_CheckCommentIfExists&gt;d__14</FullName>
          <Methods>
            <Method cyclomaticComplexity="0" nPathComplexity="0" sequenceCoverage="0.8" branchCoverage="0.75" isConstructor="False" isGetter="False" isSetter="False" isStatic="True">
              <Summary numSequencePoints="5" visitedSequencePoints="4" numBranchPoints="4" visitedBranchPoints="3" sequenceCoverage="0.8" branchCoverage="0.75" maxCyclomaticComplexity="0" minCyclomaticComplexity="0" visitedClasses="0" numClasses="0" visitedMethods="1" numMethods="1" />
              <MetadataToken />
              <Name>System.Void Acr.Assist.CommentMicroService.Service.CommentService/&lt;_CheckCommentIfExists&gt;d__14::MoveNext()</Name>
              <FileRef uid="3" />
              <SequencePoints>
                <SequencePoint vc="4" upsid="140" ordinal="0" sl="140" sc="1" el="140" ec="2" bec="0" bev="0" fileid="3" />
                <SequencePoint vc="4" upsid="141" ordinal="1" sl="141" sc="1" el="141" ec="2" bec="0" bev="0" fileid="3" />
                <SequencePoint vc="4" upsid="142" ordinal="2" sl="142" sc="1" el="142" ec="2" bec="0" bev="0" fileid="3" />
                <SequencePoint vc="4" upsid="143" ordinal="3" sl="143" sc="1" el="143" ec="2" bec="0" bev="0" fileid="3" />
                <SequencePoint vc="0" upsid="145" ordinal="4" sl="145" sc="1" el="145" ec="2" bec="0" bev="0" fileid="3" />
              </SequencePoints>
              <BranchPoints>
                <BranchPoint vc="15" upsid="141" ordinal="0" path="0" offset="50" offsetend="52" sl="141" fileid="3" />
                <BranchPoint vc="15" upsid="141" ordinal="1" path="1" offset="50" offsetend="116" sl="141" fileid="3" />
                <BranchPoint vc="15" upsid="141" ordinal="2" path="0" offset="137" offsetend="139" sl="141" fileid="3" />
                <BranchPoint vc="0" upsid="141" ordinal="3" path="1" offset="137" offsetend="167" sl="141" fileid="3" />
              </BranchPoints>
              <MethodPoint vc="4" upsid="0" p8:type="SequencePoint" ordinal="0" offset="0" sc="0" sl="140" ec="1" el="145" bec="0" bev="0" fileid="3" xmlns:p8="xsi" />
            </Method>
          </Methods>
        </Class>
        <Class>
          <Summary numSequencePoints="5" visitedSequencePoints="5" numBranchPoints="6" visitedBranchPoints="6" sequenceCoverage="1" branchCoverage="1" maxCyclomaticComplexity="0" minCyclomaticComplexity="0" visitedClasses="1" numClasses="1" visitedMethods="1" numMethods="1" />
          <FullName>Acr.Assist.CommentMicroService.Service.CommentSuggestionService</FullName>
          <Methods>
            <Method cyclomaticComplexity="0" nPathComplexity="0" sequenceCoverage="1" branchCoverage="1" isConstructor="False" isGetter="False" isSetter="False" isStatic="True">
              <Summary numSequencePoints="5" visitedSequencePoints="5" numBranchPoints="6" visitedBranchPoints="6" sequenceCoverage="1" branchCoverage="1" maxCyclomaticComplexity="0" minCyclomaticComplexity="0" visitedClasses="0" numClasses="0" visitedMethods="1" numMethods="1" />
              <MetadataToken />
              <Name>System.Void Acr.Assist.CommentMicroService.Service.CommentSuggestionService::_CheckCommentIDEmpty(System.Guid)</Name>
              <FileRef uid="4" />
              <SequencePoints>
                <SequencePoint vc="4" upsid="53" ordinal="0" sl="53" sc="1" el="53" ec="2" bec="0" bev="0" fileid="4" />
                <SequencePoint vc="4" upsid="54" ordinal="1" sl="54" sc="1" el="54" ec="2" bec="0" bev="0" fileid="4" />
                <SequencePoint vc="2" upsid="55" ordinal="2" sl="55" sc="1" el="55" ec="2" bec="0" bev="0" fileid="4" />
                <SequencePoint vc="2" upsid="56" ordinal="3" sl="56" sc="1" el="56" ec="2" bec="0" bev="0" fileid="4" />
                <SequencePoint vc="2" upsid="58" ordinal="4" sl="58" sc="1" el="58" ec="2" bec="0" bev="0" fileid="4" />
              </SequencePoints>
              <BranchPoints>
                <BranchPoint vc="3" upsid="54" ordinal="0" path="0" offset="12" offsetend="14" sl="54" fileid="4" />
                <BranchPoint vc="3" upsid="54" ordinal="2" path="0" offset="32" offsetend="34" sl="54" fileid="4" />
                <BranchPoint vc="3" upsid="54" ordinal="1" path="1" offset="12" offsetend="54" sl="54" fileid="4" />
                <BranchPoint vc="3" upsid="54" ordinal="3" path="1" offset="32" offsetend="54" sl="54" fileid="4" />
                <BranchPoint vc="3" upsid="54" ordinal="4" path="0" offset="57" offsetend="59" sl="54" fileid="4" />
                <BranchPoint vc="3" upsid="54" ordinal="5" path="1" offset="57" offsetend="71" sl="54" fileid="4" />
              </BranchPoints>
              <MethodPoint vc="5" upsid="0" p8:type="SequencePoint" ordinal="0" offset="0" sc="0" sl="53" ec="1" el="58" bec="0" bev="0" fileid="4" xmlns:p8="xsi" />
            </Method>
          </Methods>
        </Class>
        <Class>
          <Summary numSequencePoints="12" visitedSequencePoints="5" numBranchPoints="8" visitedBranchPoints="4" sequenceCoverage="0.417" branchCoverage="0.5" maxCyclomaticComplexity="0" minCyclomaticComplexity="0" visitedClasses="1" numClasses="1" visitedMethods="1" numMethods="1" />
          <FullName>Acr.Assist.CommentMicroService.Service.CommentSuggestionService/&lt;AddCommentSuggestion&gt;d__4</FullName>
          <Methods>
            <Method cyclomaticComplexity="0" nPathComplexity="0" sequenceCoverage="0.417" branchCoverage="0.5" isConstructor="False" isGetter="False" isSetter="False" isStatic="True">
              <Summary numSequencePoints="12" visitedSequencePoints="5" numBranchPoints="8" visitedBranchPoints="4" sequenceCoverage="0.417" branchCoverage="0.5" maxCyclomaticComplexity="0" minCyclomaticComplexity="0" visitedClasses="0" numClasses="0" visitedMethods="1" numMethods="1" />
              <MetadataToken />
              <Name>System.Void Acr.Assist.CommentMicroService.Service.CommentSuggestionService/&lt;AddCommentSuggestion&gt;d__4::MoveNext()</Name>
              <FileRef uid="4" />
              <SequencePoints>
                <SequencePoint vc="2" upsid="25" ordinal="0" sl="25" sc="1" el="25" ec="2" bec="0" bev="0" fileid="4" />
                <SequencePoint vc="2" upsid="26" ordinal="1" sl="26" sc="1" el="26" ec="2" bec="0" bev="0" fileid="4" />
                <SequencePoint vc="1" upsid="27" ordinal="2" sl="27" sc="1" el="27" ec="2" bec="0" bev="0" fileid="4" />
                <SequencePoint vc="1" upsid="28" ordinal="3" sl="28" sc="1" el="28" ec="2" bec="0" bev="0" fileid="4" />
                <SequencePoint vc="0" upsid="29" ordinal="4" sl="29" sc="1" el="29" ec="2" bec="0" bev="0" fileid="4" />
                <SequencePoint vc="0" upsid="30" ordinal="5" sl="30" sc="1" el="30" ec="2" bec="0" bev="0" fileid="4" />
                <SequencePoint vc="1" upsid="32" ordinal="6" sl="32" sc="1" el="32" ec="2" bec="0" bev="0" fileid="4" />
                <SequencePoint vc="0" upsid="33" ordinal="7" sl="33" sc="1" el="33" ec="2" bec="0" bev="0" fileid="4" />
                <SequencePoint vc="0" upsid="34" ordinal="8" sl="34" sc="1" el="34" ec="2" bec="0" bev="0" fileid="4" />
                <SequencePoint vc="0" upsid="36" ordinal="9" sl="36" sc="1" el="36" ec="2" bec="0" bev="0" fileid="4" />
                <SequencePoint vc="0" upsid="37" ordinal="10" sl="37" sc="1" el="37" ec="2" bec="0" bev="0" fileid="4" />
                <SequencePoint vc="0" upsid="38" ordinal="11" sl="38" sc="1" el="38" ec="2" bec="0" bev="0" fileid="4" />
              </SequencePoints>
              <BranchPoints>
                <BranchPoint vc="3" upsid="25" ordinal="0" path="0" offset="14" offsetend="28" sl="25" fileid="4" />
                <BranchPoint vc="0" upsid="25" ordinal="1" path="1" offset="14" offsetend="351" sl="25" fileid="4" />
                <BranchPoint vc="0" upsid="28" ordinal="2" path="0" offset="91" offsetend="93" sl="28" fileid="4" />
                <BranchPoint vc="1" upsid="28" ordinal="3" path="1" offset="91" offsetend="111" sl="28" fileid="4" />
                <BranchPoint vc="1" upsid="32" ordinal="4" path="0" offset="141" offsetend="143" sl="32" fileid="4" />
                <BranchPoint vc="1" upsid="32" ordinal="5" path="1" offset="141" offsetend="211" sl="32" fileid="4" />
                <BranchPoint vc="0" upsid="36" ordinal="6" path="0" offset="311" offsetend="313" sl="36" fileid="4" />
                <BranchPoint vc="0" upsid="36" ordinal="7" path="1" offset="311" offsetend="380" sl="36" fileid="4" />
              </BranchPoints>
              <MethodPoint vc="5" upsid="0" p8:type="SequencePoint" ordinal="0" offset="0" sc="0" sl="25" ec="1" el="38" bec="0" bev="0" fileid="4" xmlns:p8="xsi" />
            </Method>
          </Methods>
        </Class>
        <Class>
          <Summary numSequencePoints="8" visitedSequencePoints="4" numBranchPoints="10" visitedBranchPoints="5" sequenceCoverage="0.5" branchCoverage="0.5" maxCyclomaticComplexity="0" minCyclomaticComplexity="0" visitedClasses="1" numClasses="1" visitedMethods="1" numMethods="1" />
          <FullName>Acr.Assist.CommentMicroService.Service.CommentSuggestionService/&lt;DeleteCommentSuggestion&gt;d__5</FullName>
          <Methods>
            <Method cyclomaticComplexity="0" nPathComplexity="0" sequenceCoverage="0.5" branchCoverage="0.5" isConstructor="False" isGetter="False" isSetter="False" isStatic="True">
              <Summary numSequencePoints="8" visitedSequencePoints="4" numBranchPoints="10" visitedBranchPoints="5" sequenceCoverage="0.5" branchCoverage="0.5" maxCyclomaticComplexity="0" minCyclomaticComplexity="0" visitedClasses="0" numClasses="0" visitedMethods="1" numMethods="1" />
              <MetadataToken />
              <Name>System.Void Acr.Assist.CommentMicroService.Service.CommentSuggestionService/&lt;DeleteCommentSuggestion&gt;d__5::MoveNext()</Name>
              <FileRef uid="4" />
              <SequencePoints>
                <SequencePoint vc="2" upsid="41" ordinal="0" sl="41" sc="1" el="41" ec="2" bec="0" bev="0" fileid="4" />
                <SequencePoint vc="2" upsid="42" ordinal="1" sl="42" sc="1" el="42" ec="2" bec="0" bev="0" fileid="4" />
                <SequencePoint vc="1" upsid="43" ordinal="2" sl="43" sc="1" el="43" ec="2" bec="0" bev="0" fileid="4" />
                <SequencePoint vc="0" upsid="44" ordinal="3" sl="44" sc="1" el="44" ec="2" bec="0" bev="0" fileid="4" />
                <SequencePoint vc="0" upsid="45" ordinal="4" sl="45" sc="1" el="45" ec="2" bec="0" bev="0" fileid="4" />
                <SequencePoint vc="1" upsid="48" ordinal="5" sl="48" sc="1" el="48" ec="2" bec="0" bev="0" fileid="4" />
                <SequencePoint vc="0" upsid="49" ordinal="6" sl="49" sc="1" el="49" ec="2" bec="0" bev="0" fileid="4" />
                <SequencePoint vc="0" upsid="50" ordinal="7" sl="50" sc="1" el="50" ec="2" bec="0" bev="0" fileid="4" />
              </SequencePoints>
              <BranchPoints>
                <BranchPoint vc="3" upsid="41" ordinal="0" path="0" offset="14" offsetend="28" sl="41" fileid="4" />
                <BranchPoint vc="0" upsid="41" ordinal="1" path="1" offset="14" offsetend="278" sl="41" fileid="4" />
                <BranchPoint vc="1" upsid="43" ordinal="2" path="0" offset="58" offsetend="60" sl="43" fileid="4" />
                <BranchPoint vc="0" upsid="43" ordinal="3" path="1" offset="58" offsetend="73" sl="43" fileid="4" />
                <BranchPoint vc="0" upsid="43" ordinal="4" path="0" offset="76" offsetend="78" sl="43" fileid="4" />
                <BranchPoint vc="1" upsid="43" ordinal="5" path="1" offset="76" offsetend="90" sl="43" fileid="4" />
                <BranchPoint vc="1" upsid="48" ordinal="6" path="0" offset="120" offsetend="122" sl="48" fileid="4" />
                <BranchPoint vc="1" upsid="48" ordinal="7" path="1" offset="120" offsetend="189" sl="48" fileid="4" />
                <BranchPoint vc="0" upsid="49" ordinal="8" path="0" offset="239" offsetend="241" sl="49" fileid="4" />
                <BranchPoint vc="0" upsid="49" ordinal="9" path="1" offset="239" offsetend="307" sl="49" fileid="4" />
              </BranchPoints>
              <MethodPoint vc="4" upsid="0" p8:type="SequencePoint" ordinal="0" offset="0" sc="0" sl="41" ec="1" el="50" bec="0" bev="0" fileid="4" xmlns:p8="xsi" />
            </Method>
          </Methods>
        </Class>
        <Class>
          <Summary numSequencePoints="5" visitedSequencePoints="4" numBranchPoints="4" visitedBranchPoints="3" sequenceCoverage="0.8" branchCoverage="0.75" maxCyclomaticComplexity="0" minCyclomaticComplexity="0" visitedClasses="1" numClasses="1" visitedMethods="1" numMethods="1" />
          <FullName>Acr.Assist.CommentMicroService.Service.CommentSuggestionService/&lt;_CheckCommentIfExists&gt;d__7</FullName>
          <Methods>
            <Method cyclomaticComplexity="0" nPathComplexity="0" sequenceCoverage="0.8" branchCoverage="0.75" isConstructor="False" isGetter="False" isSetter="False" isStatic="True">
              <Summary numSequencePoints="5" visitedSequencePoints="4" numBranchPoints="4" visitedBranchPoints="3" sequenceCoverage="0.8" branchCoverage="0.75" maxCyclomaticComplexity="0" minCyclomaticComplexity="0" visitedClasses="0" numClasses="0" visitedMethods="1" numMethods="1" />
              <MetadataToken />
              <Name>System.Void Acr.Assist.CommentMicroService.Service.CommentSuggestionService/&lt;_CheckCommentIfExists&gt;d__7::MoveNext()</Name>
              <FileRef uid="4" />
              <SequencePoints>
                <SequencePoint vc="2" upsid="61" ordinal="0" sl="61" sc="1" el="61" ec="2" bec="0" bev="0" fileid="4" />
                <SequencePoint vc="2" upsid="62" ordinal="1" sl="62" sc="1" el="62" ec="2" bec="0" bev="0" fileid="4" />
                <SequencePoint vc="2" upsid="63" ordinal="2" sl="63" sc="1" el="63" ec="2" bec="0" bev="0" fileid="4" />
                <SequencePoint vc="2" upsid="64" ordinal="3" sl="64" sc="1" el="64" ec="2" bec="0" bev="0" fileid="4" />
                <SequencePoint vc="0" upsid="66" ordinal="4" sl="66" sc="1" el="66" ec="2" bec="0" bev="0" fileid="4" />
              </SequencePoints>
              <BranchPoints>
                <BranchPoint vc="3" upsid="62" ordinal="0" path="0" offset="50" offsetend="52" sl="62" fileid="4" />
                <BranchPoint vc="3" upsid="62" ordinal="1" path="1" offset="50" offsetend="116" sl="62" fileid="4" />
                <BranchPoint vc="3" upsid="62" ordinal="2" path="0" offset="137" offsetend="139" sl="62" fileid="4" />
                <BranchPoint vc="0" upsid="62" ordinal="3" path="1" offset="137" offsetend="167" sl="62" fileid="4" />
              </BranchPoints>
              <MethodPoint vc="4" upsid="0" p8:type="SequencePoint" ordinal="0" offset="0" sc="0" sl="61" ec="1" el="66" bec="0" bev="0" fileid="4" xmlns:p8="xsi" />
            </Method>
          </Methods>
        </Class>
        <Class>
          <Summary numSequencePoints="5" visitedSequencePoints="5" numBranchPoints="6" visitedBranchPoints="6" sequenceCoverage="1" branchCoverage="1" maxCyclomaticComplexity="0" minCyclomaticComplexity="0" visitedClasses="1" numClasses="1" visitedMethods="1" numMethods="1" />
          <FullName>Acr.Assist.CommentMicroService.Service.CommentViewService</FullName>
          <Methods>
            <Method cyclomaticComplexity="0" nPathComplexity="0" sequenceCoverage="1" branchCoverage="1" isConstructor="False" isGetter="False" isSetter="False" isStatic="True">
              <Summary numSequencePoints="5" visitedSequencePoints="5" numBranchPoints="6" visitedBranchPoints="6" sequenceCoverage="1" branchCoverage="1" maxCyclomaticComplexity="0" minCyclomaticComplexity="0" visitedClasses="0" numClasses="0" visitedMethods="1" numMethods="1" />
              <MetadataToken />
              <Name>System.Void Acr.Assist.CommentMicroService.Service.CommentViewService::_CheckCommentIDEmpty(System.Guid)</Name>
              <FileRef uid="5" />
              <SequencePoints>
                <SequencePoint vc="4" upsid="61" ordinal="0" sl="61" sc="1" el="61" ec="2" bec="0" bev="0" fileid="5" />
                <SequencePoint vc="4" upsid="62" ordinal="1" sl="62" sc="1" el="62" ec="2" bec="0" bev="0" fileid="5" />
                <SequencePoint vc="2" upsid="63" ordinal="2" sl="63" sc="1" el="63" ec="2" bec="0" bev="0" fileid="5" />
                <SequencePoint vc="2" upsid="64" ordinal="3" sl="64" sc="1" el="64" ec="2" bec="0" bev="0" fileid="5" />
                <SequencePoint vc="2" upsid="66" ordinal="4" sl="66" sc="1" el="66" ec="2" bec="0" bev="0" fileid="5" />
              </SequencePoints>
              <BranchPoints>
                <BranchPoint vc="3" upsid="62" ordinal="0" path="0" offset="12" offsetend="14" sl="62" fileid="5" />
                <BranchPoint vc="3" upsid="62" ordinal="2" path="0" offset="32" offsetend="34" sl="62" fileid="5" />
                <BranchPoint vc="3" upsid="62" ordinal="1" path="1" offset="12" offsetend="54" sl="62" fileid="5" />
                <BranchPoint vc="3" upsid="62" ordinal="3" path="1" offset="32" offsetend="54" sl="62" fileid="5" />
                <BranchPoint vc="3" upsid="62" ordinal="4" path="0" offset="57" offsetend="59" sl="62" fileid="5" />
                <BranchPoint vc="3" upsid="62" ordinal="5" path="1" offset="57" offsetend="71" sl="62" fileid="5" />
              </BranchPoints>
              <MethodPoint vc="5" upsid="0" p8:type="SequencePoint" ordinal="0" offset="0" sc="0" sl="61" ec="1" el="66" bec="0" bev="0" fileid="5" xmlns:p8="xsi" />
            </Method>
          </Methods>
        </Class>
        <Class>
          <Summary numSequencePoints="11" visitedSequencePoints="5" numBranchPoints="8" visitedBranchPoints="4" sequenceCoverage="0.455" branchCoverage="0.5" maxCyclomaticComplexity="0" minCyclomaticComplexity="0" visitedClasses="1" numClasses="1" visitedMethods="1" numMethods="1" />
          <FullName>Acr.Assist.CommentMicroService.Service.CommentViewService/&lt;AddCommentView&gt;d__4</FullName>
          <Methods>
            <Method cyclomaticComplexity="0" nPathComplexity="0" sequenceCoverage="0.455" branchCoverage="0.5" isConstructor="False" isGetter="False" isSetter="False" isStatic="True">
              <Summary numSequencePoints="11" visitedSequencePoints="5" numBranchPoints="8" visitedBranchPoints="4" sequenceCoverage="0.455" branchCoverage="0.5" maxCyclomaticComplexity="0" minCyclomaticComplexity="0" visitedClasses="0" numClasses="0" visitedMethods="1" numMethods="1" />
              <MetadataToken />
              <Name>System.Void Acr.Assist.CommentMicroService.Service.CommentViewService/&lt;AddCommentView&gt;d__4::MoveNext()</Name>
              <FileRef uid="5" />
              <SequencePoints>
                <SequencePoint vc="2" upsid="28" ordinal="0" sl="28" sc="1" el="28" ec="2" bec="0" bev="0" fileid="5" />
                <SequencePoint vc="2" upsid="29" ordinal="1" sl="29" sc="1" el="29" ec="2" bec="0" bev="0" fileid="5" />
                <SequencePoint vc="1" upsid="30" ordinal="2" sl="30" sc="1" el="30" ec="2" bec="0" bev="0" fileid="5" />
                <SequencePoint vc="1" upsid="31" ordinal="3" sl="31" sc="1" el="31" ec="2" bec="0" bev="0" fileid="5" />
                <SequencePoint vc="0" upsid="32" ordinal="4" sl="32" sc="1" el="32" ec="2" bec="0" bev="0" fileid="5" />
                <SequencePoint vc="0" upsid="33" ordinal="5" sl="33" sc="1" el="33" ec="2" bec="0" bev="0" fileid="5" />
                <SequencePoint vc="1" upsid="35" ordinal="6" sl="35" sc="1" el="35" ec="2" bec="0" bev="0" fileid="5" />
                <SequencePoint vc="0" upsid="37" ordinal="7" sl="37" sc="1" el="37" ec="2" bec="0" bev="0" fileid="5" />
                <SequencePoint vc="0" upsid="38" ordinal="8" sl="38" sc="1" el="38" ec="2" bec="0" bev="0" fileid="5" />
                <SequencePoint vc="0" upsid="39" ordinal="9" sl="39" sc="1" el="39" ec="2" bec="0" bev="0" fileid="5" />
                <SequencePoint vc="0" upsid="42" ordinal="10" sl="42" sc="1" el="42" ec="2" bec="0" bev="0" fileid="5" />
              </SequencePoints>
              <BranchPoints>
                <BranchPoint vc="3" upsid="28" ordinal="0" path="0" offset="14" offsetend="28" sl="28" fileid="5" />
                <BranchPoint vc="0" upsid="28" ordinal="1" path="1" offset="14" offsetend="349" sl="28" fileid="5" />
                <BranchPoint vc="0" upsid="31" ordinal="2" path="0" offset="91" offsetend="93" sl="31" fileid="5" />
                <BranchPoint vc="1" upsid="31" ordinal="3" path="1" offset="91" offsetend="111" sl="31" fileid="5" />
                <BranchPoint vc="1" upsid="35" ordinal="4" path="0" offset="141" offsetend="143" sl="35" fileid="5" />
                <BranchPoint vc="1" upsid="35" ordinal="5" path="1" offset="141" offsetend="210" sl="35" fileid="5" />
                <BranchPoint vc="0" upsid="39" ordinal="6" path="0" offset="310" offsetend="312" sl="39" fileid="5" />
                <BranchPoint vc="0" upsid="39" ordinal="7" path="1" offset="310" offsetend="378" sl="39" fileid="5" />
              </BranchPoints>
              <MethodPoint vc="5" upsid="0" p8:type="SequencePoint" ordinal="0" offset="0" sc="0" sl="28" ec="1" el="42" bec="0" bev="0" fileid="5" xmlns:p8="xsi" />
            </Method>
          </Methods>
        </Class>
        <Class>
          <Summary numSequencePoints="8" visitedSequencePoints="4" numBranchPoints="10" visitedBranchPoints="5" sequenceCoverage="0.5" branchCoverage="0.5" maxCyclomaticComplexity="0" minCyclomaticComplexity="0" visitedClasses="1" numClasses="1" visitedMethods="1" numMethods="1" />
          <FullName>Acr.Assist.CommentMicroService.Service.CommentViewService/&lt;DeleteCommentView&gt;d__5</FullName>
          <Methods>
            <Method cyclomaticComplexity="0" nPathComplexity="0" sequenceCoverage="0.5" branchCoverage="0.5" isConstructor="False" isGetter="False" isSetter="False" isStatic="True">
              <Summary numSequencePoints="8" visitedSequencePoints="4" numBranchPoints="10" visitedBranchPoints="5" sequenceCoverage="0.5" branchCoverage="0.5" maxCyclomaticComplexity="0" minCyclomaticComplexity="0" visitedClasses="0" numClasses="0" visitedMethods="1" numMethods="1" />
              <MetadataToken />
              <Name>System.Void Acr.Assist.CommentMicroService.Service.CommentViewService/&lt;DeleteCommentView&gt;d__5::MoveNext()</Name>
              <FileRef uid="5" />
              <SequencePoints>
                <SequencePoint vc="2" upsid="46" ordinal="0" sl="46" sc="1" el="46" ec="2" bec="0" bev="0" fileid="5" />
                <SequencePoint vc="2" upsid="47" ordinal="1" sl="47" sc="1" el="47" ec="2" bec="0" bev="0" fileid="5" />
                <SequencePoint vc="1" upsid="48" ordinal="2" sl="48" sc="1" el="48" ec="2" bec="0" bev="0" fileid="5" />
                <SequencePoint vc="0" upsid="49" ordinal="3" sl="49" sc="1" el="49" ec="2" bec="0" bev="0" fileid="5" />
                <SequencePoint vc="0" upsid="50" ordinal="4" sl="50" sc="1" el="50" ec="2" bec="0" bev="0" fileid="5" />
                <SequencePoint vc="1" upsid="53" ordinal="5" sl="53" sc="1" el="53" ec="2" bec="0" bev="0" fileid="5" />
                <SequencePoint vc="0" upsid="55" ordinal="6" sl="55" sc="1" el="55" ec="2" bec="0" bev="0" fileid="5" />
                <SequencePoint vc="0" upsid="58" ordinal="7" sl="58" sc="1" el="58" ec="2" bec="0" bev="0" fileid="5" />
              </SequencePoints>
              <BranchPoints>
                <BranchPoint vc="3" upsid="46" ordinal="0" path="0" offset="14" offsetend="28" sl="46" fileid="5" />
                <BranchPoint vc="0" upsid="46" ordinal="1" path="1" offset="14" offsetend="278" sl="46" fileid="5" />
                <BranchPoint vc="1" upsid="48" ordinal="2" path="0" offset="58" offsetend="60" sl="48" fileid="5" />
                <BranchPoint vc="0" upsid="48" ordinal="3" path="1" offset="58" offsetend="73" sl="48" fileid="5" />
                <BranchPoint vc="0" upsid="48" ordinal="4" path="0" offset="76" offsetend="78" sl="48" fileid="5" />
                <BranchPoint vc="1" upsid="48" ordinal="5" path="1" offset="76" offsetend="90" sl="48" fileid="5" />
                <BranchPoint vc="1" upsid="53" ordinal="6" path="0" offset="120" offsetend="122" sl="53" fileid="5" />
                <BranchPoint vc="1" upsid="53" ordinal="7" path="1" offset="120" offsetend="189" sl="53" fileid="5" />
                <BranchPoint vc="0" upsid="55" ordinal="8" path="0" offset="239" offsetend="241" sl="55" fileid="5" />
                <BranchPoint vc="0" upsid="55" ordinal="9" path="1" offset="239" offsetend="307" sl="55" fileid="5" />
              </BranchPoints>
              <MethodPoint vc="4" upsid="0" p8:type="SequencePoint" ordinal="0" offset="0" sc="0" sl="46" ec="1" el="58" bec="0" bev="0" fileid="5" xmlns:p8="xsi" />
            </Method>
          </Methods>
        </Class>
        <Class>
          <Summary numSequencePoints="5" visitedSequencePoints="4" numBranchPoints="4" visitedBranchPoints="3" sequenceCoverage="0.8" branchCoverage="0.75" maxCyclomaticComplexity="0" minCyclomaticComplexity="0" visitedClasses="1" numClasses="1" visitedMethods="1" numMethods="1" />
          <FullName>Acr.Assist.CommentMicroService.Service.CommentViewService/&lt;_CheckCommentIfExists&gt;d__7</FullName>
          <Methods>
            <Method cyclomaticComplexity="0" nPathComplexity="0" sequenceCoverage="0.8" branchCoverage="0.75" isConstructor="False" isGetter="False" isSetter="False" isStatic="True">
              <Summary numSequencePoints="5" visitedSequencePoints="4" numBranchPoints="4" visitedBranchPoints="3" sequenceCoverage="0.8" branchCoverage="0.75" maxCyclomaticComplexity="0" minCyclomaticComplexity="0" visitedClasses="0" numClasses="0" visitedMethods="1" numMethods="1" />
              <MetadataToken />
              <Name>System.Void Acr.Assist.CommentMicroService.Service.CommentViewService/&lt;_CheckCommentIfExists&gt;d__7::MoveNext()</Name>
              <FileRef uid="5" />
              <SequencePoints>
                <SequencePoint vc="2" upsid="69" ordinal="0" sl="69" sc="1" el="69" ec="2" bec="0" bev="0" fileid="5" />
                <SequencePoint vc="2" upsid="70" ordinal="1" sl="70" sc="1" el="70" ec="2" bec="0" bev="0" fileid="5" />
                <SequencePoint vc="2" upsid="71" ordinal="2" sl="71" sc="1" el="71" ec="2" bec="0" bev="0" fileid="5" />
                <SequencePoint vc="2" upsid="72" ordinal="3" sl="72" sc="1" el="72" ec="2" bec="0" bev="0" fileid="5" />
                <SequencePoint vc="0" upsid="74" ordinal="4" sl="74" sc="1" el="74" ec="2" bec="0" bev="0" fileid="5" />
              </SequencePoints>
              <BranchPoints>
                <BranchPoint vc="3" upsid="70" ordinal="0" path="0" offset="50" offsetend="52" sl="70" fileid="5" />
                <BranchPoint vc="3" upsid="70" ordinal="1" path="1" offset="50" offsetend="116" sl="70" fileid="5" />
                <BranchPoint vc="3" upsid="70" ordinal="2" path="0" offset="137" offsetend="139" sl="70" fileid="5" />
                <BranchPoint vc="0" upsid="70" ordinal="3" path="1" offset="137" offsetend="167" sl="70" fileid="5" />
              </BranchPoints>
              <MethodPoint vc="4" upsid="0" p8:type="SequencePoint" ordinal="0" offset="0" sc="0" sl="69" ec="1" el="74" bec="0" bev="0" fileid="5" xmlns:p8="xsi" />
            </Method>
          </Methods>
        </Class>
        <Class>
          <Summary numSequencePoints="6" visitedSequencePoints="4" numBranchPoints="6" visitedBranchPoints="2" sequenceCoverage="0.667" branchCoverage="0.333" maxCyclomaticComplexity="0" minCyclomaticComplexity="0" visitedClasses="1" numClasses="1" visitedMethods="1" numMethods="1" />
          <FullName>Acr.Assist.CommentMicroService.Service.ModuleCommentService/&lt;GetCommentDetails&gt;d__2</FullName>
          <Methods>
            <Method cyclomaticComplexity="0" nPathComplexity="0" sequenceCoverage="0.667" branchCoverage="0.333" isConstructor="False" isGetter="False" isSetter="False" isStatic="True">
              <Summary numSequencePoints="6" visitedSequencePoints="4" numBranchPoints="6" visitedBranchPoints="2" sequenceCoverage="0.667" branchCoverage="0.333" maxCyclomaticComplexity="0" minCyclomaticComplexity="0" visitedClasses="0" numClasses="0" visitedMethods="1" numMethods="1" />
              <MetadataToken />
              <Name>System.Void Acr.Assist.CommentMicroService.Service.ModuleCommentService/&lt;GetCommentDetails&gt;d__2::MoveNext()</Name>
              <FileRef uid="6" />
              <SequencePoints>
                <SequencePoint vc="1" upsid="20" ordinal="0" sl="20" sc="1" el="20" ec="2" bec="0" bev="0" fileid="6" />
                <SequencePoint vc="1" upsid="21" ordinal="1" sl="21" sc="1" el="21" ec="2" bec="0" bev="0" fileid="6" />
                <SequencePoint vc="1" upsid="22" ordinal="2" sl="22" sc="1" el="22" ec="2" bec="0" bev="0" fileid="6" />
                <SequencePoint vc="1" upsid="23" ordinal="3" sl="23" sc="1" el="23" ec="2" bec="0" bev="0" fileid="6" />
                <SequencePoint vc="0" upsid="25" ordinal="4" sl="25" sc="1" el="25" ec="2" bec="0" bev="0" fileid="6" />
                <SequencePoint vc="0" upsid="26" ordinal="5" sl="26" sc="1" el="26" ec="2" bec="0" bev="0" fileid="6" />
              </SequencePoints>
              <BranchPoints>
                <BranchPoint vc="0" upsid="21" ordinal="0" path="0" offset="26" offsetend="28" sl="21" fileid="6" />
                <BranchPoint vc="1" upsid="21" ordinal="1" path="1" offset="26" offsetend="41" sl="21" fileid="6" />
                <BranchPoint vc="1" upsid="21" ordinal="2" path="0" offset="44" offsetend="46" sl="21" fileid="6" />
                <BranchPoint vc="0" upsid="21" ordinal="3" path="1" offset="44" offsetend="58" sl="21" fileid="6" />
                <BranchPoint vc="0" upsid="25" ordinal="4" path="0" offset="93" offsetend="95" sl="25" fileid="6" />
                <BranchPoint vc="0" upsid="25" ordinal="5" path="1" offset="93" offsetend="160" sl="25" fileid="6" />
              </BranchPoints>
              <MethodPoint vc="4" upsid="0" p8:type="SequencePoint" ordinal="0" offset="0" sc="0" sl="20" ec="1" el="26" bec="0" bev="0" fileid="6" xmlns:p8="xsi" />
            </Method>
          </Methods>
        </Class>
        <Class>
          <Summary numSequencePoints="6" visitedSequencePoints="4" numBranchPoints="6" visitedBranchPoints="2" sequenceCoverage="0.667" branchCoverage="0.333" maxCyclomaticComplexity="0" minCyclomaticComplexity="0" visitedClasses="1" numClasses="1" visitedMethods="1" numMethods="1" />
          <FullName>Acr.Assist.CommentMicroService.Service.UserCommentService/&lt;GetUnViwedComment&gt;d__3</FullName>
          <Methods>
            <Method cyclomaticComplexity="0" nPathComplexity="0" sequenceCoverage="0.667" branchCoverage="0.333" isConstructor="False" isGetter="False" isSetter="False" isStatic="True">
              <Summary numSequencePoints="6" visitedSequencePoints="4" numBranchPoints="6" visitedBranchPoints="2" sequenceCoverage="0.667" branchCoverage="0.333" maxCyclomaticComplexity="0" minCyclomaticComplexity="0" visitedClasses="0" numClasses="0" visitedMethods="1" numMethods="1" />
              <MetadataToken />
              <Name>System.Void Acr.Assist.CommentMicroService.Service.UserCommentService/&lt;GetUnViwedComment&gt;d__3::MoveNext()</Name>
              <FileRef uid="7" />
              <SequencePoints>
                <SequencePoint vc="1" upsid="26" ordinal="0" sl="26" sc="1" el="26" ec="2" bec="0" bev="0" fileid="7" />
                <SequencePoint vc="1" upsid="27" ordinal="1" sl="27" sc="1" el="27" ec="2" bec="0" bev="0" fileid="7" />
                <SequencePoint vc="1" upsid="28" ordinal="2" sl="28" sc="1" el="28" ec="2" bec="0" bev="0" fileid="7" />
                <SequencePoint vc="1" upsid="29" ordinal="3" sl="29" sc="1" el="29" ec="2" bec="0" bev="0" fileid="7" />
                <SequencePoint vc="0" upsid="31" ordinal="4" sl="31" sc="1" el="31" ec="2" bec="0" bev="0" fileid="7" />
                <SequencePoint vc="0" upsid="32" ordinal="5" sl="32" sc="1" el="32" ec="2" bec="0" bev="0" fileid="7" />
              </SequencePoints>
              <BranchPoints>
                <BranchPoint vc="0" upsid="27" ordinal="0" path="0" offset="26" offsetend="28" sl="27" fileid="7" />
                <BranchPoint vc="1" upsid="27" ordinal="1" path="1" offset="26" offsetend="41" sl="27" fileid="7" />
                <BranchPoint vc="1" upsid="27" ordinal="2" path="0" offset="44" offsetend="46" sl="27" fileid="7" />
                <BranchPoint vc="0" upsid="27" ordinal="3" path="1" offset="44" offsetend="58" sl="27" fileid="7" />
                <BranchPoint vc="0" upsid="31" ordinal="4" path="0" offset="93" offsetend="95" sl="31" fileid="7" />
                <BranchPoint vc="0" upsid="31" ordinal="5" path="1" offset="93" offsetend="160" sl="31" fileid="7" />
              </BranchPoints>
              <MethodPoint vc="4" upsid="0" p8:type="SequencePoint" ordinal="0" offset="0" sc="0" sl="26" ec="1" el="32" bec="0" bev="0" fileid="7" xmlns:p8="xsi" />
            </Method>
          </Methods>
        </Class>
        <Class>
          <Summary numSequencePoints="9" visitedSequencePoints="5" numBranchPoints="4" visitedBranchPoints="1" sequenceCoverage="0.556" branchCoverage="0.25" maxCyclomaticComplexity="0" minCyclomaticComplexity="0" visitedClasses="1" numClasses="1" visitedMethods="1" numMethods="1" />
          <FullName>Acr.Assist.CommentMicroService.Service.UserCommentService/&lt;UpdateCommentsAsViewed&gt;d__4</FullName>
          <Methods>
            <Method cyclomaticComplexity="0" nPathComplexity="0" sequenceCoverage="0.556" branchCoverage="0.25" isConstructor="False" isGetter="False" isSetter="False" isStatic="True">
              <Summary numSequencePoints="9" visitedSequencePoints="5" numBranchPoints="4" visitedBranchPoints="1" sequenceCoverage="0.556" branchCoverage="0.25" maxCyclomaticComplexity="0" minCyclomaticComplexity="0" visitedClasses="0" numClasses="0" visitedMethods="1" numMethods="1" />
              <MetadataToken />
              <Name>System.Void Acr.Assist.CommentMicroService.Service.UserCommentService/&lt;UpdateCommentsAsViewed&gt;d__4::MoveNext()</Name>
              <FileRef uid="7" />
              <SequencePoints>
                <SequencePoint vc="1" upsid="35" ordinal="0" sl="35" sc="1" el="35" ec="2" bec="0" bev="0" fileid="7" />
                <SequencePoint vc="1" upsid="37" ordinal="1" sl="37" sc="1" el="37" ec="2" bec="0" bev="0" fileid="7" />
                <SequencePoint vc="1" upsid="38" ordinal="2" sl="38" sc="1" el="38" ec="2" bec="0" bev="0" fileid="7" />
                <SequencePoint vc="1" upsid="39" ordinal="3" sl="39" sc="1" el="39" ec="2" bec="0" bev="0" fileid="7" />
                <SequencePoint vc="1" upsid="40" ordinal="4" sl="40" sc="1" el="40" ec="2" bec="0" bev="0" fileid="7" />
                <SequencePoint vc="0" upsid="42" ordinal="5" sl="42" sc="1" el="42" ec="2" bec="0" bev="0" fileid="7" />
                <SequencePoint vc="0" upsid="43" ordinal="6" sl="43" sc="1" el="43" ec="2" bec="0" bev="0" fileid="7" />
                <SequencePoint vc="0" upsid="45" ordinal="7" sl="45" sc="1" el="45" ec="2" bec="0" bev="0" fileid="7" />
                <SequencePoint vc="0" upsid="46" ordinal="8" sl="46" sc="1" el="46" ec="2" bec="0" bev="0" fileid="7" />
              </SequencePoints>
              <BranchPoints>
                <BranchPoint vc="1" upsid="38" ordinal="0" path="0" offset="62" offsetend="64" sl="38" fileid="7" />
                <BranchPoint vc="0" upsid="38" ordinal="1" path="1" offset="62" offsetend="82" sl="38" fileid="7" />
                <BranchPoint vc="0" upsid="45" ordinal="2" path="0" offset="173" offsetend="175" sl="45" fileid="7" />
                <BranchPoint vc="0" upsid="45" ordinal="3" path="1" offset="173" offsetend="239" sl="45" fileid="7" />
              </BranchPoints>
              <MethodPoint vc="5" upsid="0" p8:type="SequencePoint" ordinal="0" offset="0" sc="0" sl="35" ec="1" el="46" bec="0" bev="0" fileid="7" xmlns:p8="xsi" />
            </Method>
          </Methods>
        </Class>
        <Class>
          <Summary numSequencePoints="13" visitedSequencePoints="13" numBranchPoints="4" visitedBranchPoints="4" sequenceCoverage="1" branchCoverage="1" maxCyclomaticComplexity="0" minCyclomaticComplexity="0" visitedClasses="1" numClasses="1" visitedMethods="1" numMethods="1" />
          <FullName>Acr.Assist.CommentMicroService.Service.Validator.BaseValidator`1</FullName>
          <Methods>
            <Method cyclomaticComplexity="0" nPathComplexity="0" sequenceCoverage="1" branchCoverage="1" isConstructor="False" isGetter="False" isSetter="False" isStatic="True">
              <Summary numSequencePoints="13" visitedSequencePoints="13" numBranchPoints="4" visitedBranchPoints="4" sequenceCoverage="1" branchCoverage="1" maxCyclomaticComplexity="0" minCyclomaticComplexity="0" visitedClasses="0" numClasses="0" visitedMethods="1" numMethods="1" />
              <MetadataToken />
              <Name>Acr.Assist.CommentMicroService.Service.Validator.ValidatorResult Acr.Assist.CommentMicroService.Service.Validator.BaseValidator`1::ValidateInstance(T)</Name>
              <FileRef uid="8" />
              <SequencePoints>
                <SequencePoint vc="18" upsid="12" ordinal="0" sl="12" sc="1" el="12" ec="2" bec="0" bev="0" fileid="8" />
                <SequencePoint vc="18" upsid="13" ordinal="1" sl="13" sc="1" el="13" ec="2" bec="0" bev="0" fileid="8" />
                <SequencePoint vc="18" upsid="14" ordinal="2" sl="14" sc="1" el="14" ec="2" bec="0" bev="0" fileid="8" />
                <SequencePoint vc="18" upsid="16" ordinal="3" sl="16" sc="1" el="16" ec="2" bec="0" bev="0" fileid="8" />
                <SequencePoint vc="18" upsid="17" ordinal="4" sl="17" sc="1" el="17" ec="2" bec="0" bev="0" fileid="8" />
                <SequencePoint vc="12" upsid="18" ordinal="5" sl="18" sc="1" el="18" ec="2" bec="0" bev="0" fileid="8" />
                <SequencePoint vc="108" upsid="19" ordinal="6" sl="19" sc="1" el="19" ec="2" bec="0" bev="0" fileid="8" />
                <SequencePoint vc="36" upsid="20" ordinal="7" sl="20" sc="1" el="20" ec="2" bec="0" bev="0" fileid="8" />
                <SequencePoint vc="36" upsid="21" ordinal="8" sl="21" sc="1" el="21" ec="2" bec="0" bev="0" fileid="8" />
                <SequencePoint vc="36" upsid="22" ordinal="9" sl="22" sc="1" el="22" ec="2" bec="0" bev="0" fileid="8" />
                <SequencePoint vc="12" upsid="23" ordinal="10" sl="23" sc="1" el="23" ec="2" bec="0" bev="0" fileid="8" />
                <SequencePoint vc="18" upsid="24" ordinal="11" sl="24" sc="1" el="24" ec="2" bec="0" bev="0" fileid="8" />
                <SequencePoint vc="18" upsid="25" ordinal="12" sl="25" sc="1" el="25" ec="2" bec="0" bev="0" fileid="8" />
              </SequencePoints>
              <BranchPoints>
                <BranchPoint vc="4095" upsid="17" ordinal="0" path="0" offset="39" offsetend="41" sl="17" fileid="8" />
                <BranchPoint vc="262143" upsid="17" ordinal="1" path="1" offset="39" offsetend="115" sl="17" fileid="8" />
                <BranchPoint vc="2147483647" upsid="19" ordinal="3" path="1" offset="99" offsetend="57" sl="19" fileid="8" />
                <BranchPoint vc="4095" upsid="19" ordinal="2" path="0" offset="99" offsetend="101" sl="19" fileid="8" />
              </BranchPoints>
              <MethodPoint vc="13" upsid="0" p8:type="SequencePoint" ordinal="0" offset="0" sc="0" sl="12" ec="1" el="25" bec="0" bev="0" fileid="8" xmlns:p8="xsi" />
            </Method>
          </Methods>
        </Class>
        <Class>
          <Summary numSequencePoints="2" visitedSequencePoints="2" numBranchPoints="0" visitedBranchPoints="0" sequenceCoverage="1" branchCoverage="0" maxCyclomaticComplexity="0" minCyclomaticComplexity="0" visitedClasses="1" numClasses="1" visitedMethods="2" numMethods="2" />
          <FullName>Acr.Assist.CommentMicroService.Service.Validator.ValidatorResult</FullName>
          <Methods>
            <Method cyclomaticComplexity="0" nPathComplexity="0" sequenceCoverage="1" branchCoverage="0" isConstructor="False" isGetter="True" isSetter="False" isStatic="True">
              <Summary numSequencePoints="1" visitedSequencePoints="1" numBranchPoints="0" visitedBranchPoints="0" sequenceCoverage="1" branchCoverage="0" maxCyclomaticComplexity="0" minCyclomaticComplexity="0" visitedClasses="0" numClasses="0" visitedMethods="1" numMethods="1" />
              <MetadataToken />
              <Name>System.Boolean Acr.Assist.CommentMicroService.Service.Validator.ValidatorResult::get_IsValid()</Name>
              <FileRef uid="9" />
              <SequencePoints>
                <SequencePoint vc="54" upsid="21" ordinal="0" sl="21" sc="1" el="21" ec="2" bec="0" bev="0" fileid="9" />
              </SequencePoints>
              <BranchPoints />
              <MethodPoint vc="1" upsid="0" p8:type="SequencePoint" ordinal="0" offset="0" sc="0" sl="21" ec="1" el="21" bec="0" bev="0" fileid="9" xmlns:p8="xsi" />
            </Method>
            <Method cyclomaticComplexity="0" nPathComplexity="0" sequenceCoverage="1" branchCoverage="0" isConstructor="False" isGetter="True" isSetter="False" isStatic="True">
              <Summary numSequencePoints="1" visitedSequencePoints="1" numBranchPoints="0" visitedBranchPoints="0" sequenceCoverage="1" branchCoverage="0" maxCyclomaticComplexity="0" minCyclomaticComplexity="0" visitedClasses="0" numClasses="0" visitedMethods="1" numMethods="1" />
              <MetadataToken />
              <Name>System.Collections.Generic.Dictionary`2&lt;System.String,System.String&gt; Acr.Assist.CommentMicroService.Service.Validator.ValidatorResult::get_Errors()</Name>
              <FileRef uid="9" />
              <SequencePoints>
                <SequencePoint vc="48" upsid="27" ordinal="0" sl="27" sc="1" el="27" ec="2" bec="0" bev="0" fileid="9" />
              </SequencePoints>
              <BranchPoints />
              <MethodPoint vc="1" upsid="0" p8:type="SequencePoint" ordinal="1" offset="1" sc="0" sl="27" ec="1" el="27" bec="0" bev="0" fileid="9" xmlns:p8="xsi" />
            </Method>
          </Methods>
        </Class>
      </Classes>
    </Module>
  </Modules>
</CoverageSession>